<?xml version="1.0" encoding="UTF-8"?>
<Site BuildName="Win32-mingw32-make"
	BuildStamp="20240527-0219-Experimental"
	Name="DESKTOP-H7RTBSH"
	Generator="ctest-3.27.3"
	CompilerName="C:/msys64/mingw64/bin/g++.exe"
	CompilerVersion="13.1.0"
	OSName="Windows"
	Hostname="DESKTOP-H7RTBSH"
	OSRelease=" Personal"
	OSVersion=" (Build 19045)"
	OSPlatform="AMD64"
	Is64Bits="1"
	VendorString="GenuineIntel"
	VendorID="Intel Corporation"
	FamilyID="6"
	ModelID="12"
	ProcessorCacheSize="-1"
	NumberOfLogicalCPU="8"
	NumberOfPhysicalCPU="4"
	TotalVirtualMemory="45687"
	TotalPhysicalMemory="12071"
	LogicalProcessorsPerPhysical="2"
	ProcessorClockFrequency="2803"
	>
	<Testing>
		<StartDateTime>May 27 11:22 Pacific Daylight Time</StartDateTime>
		<StartTestTime>1716834152</StartTestTime>
		<TestList/>
		<EndDateTime>May 27 11:22 Pacific Daylight Time</EndDateTime>
		<EndTestTime>1716834152</EndTestTime>
		<ElapsedMinutes>0</ElapsedMinutes>
	</Testing>
</Site>
